{"C:\\Users\\miche\\Desktop\\Kamuta Ltd\\Michel-s-Catering\\src\\App.css": {"path":"C:\\Users\\miche\\Desktop\\Kamuta Ltd\\Michel-s-Catering\\src\\App.css","statementMap":{},"fnMap":{},"branchMap":{},"s":{},"f":{},"b":{},"meta":{"lastBranch":0,"lastFunction":0,"lastStatement":0,"seen":{}}}
,"C:\\Users\\miche\\Desktop\\Kamuta Ltd\\Michel-s-Catering\\src\\App.jsx": {"path":"C:\\Users\\miche\\Desktop\\Kamuta Ltd\\Michel-s-Catering\\src\\App.jsx","statementMap":{"0":{"start":{"line":9,"column":30},"end":{"line":12,"column":null}},"1":{"start":{"line":10,"column":23},"end":{"line":10,"column":null}},"2":{"start":{"line":11,"column":4},"end":{"line":11,"column":null}},"3":{"start":{"line":14,"column":2},"end":{"line":22,"column":null}},"4":{"start":{"line":15,"column":4},"end":{"line":21,"column":null}},"5":{"start":{"line":16,"column":6},"end":{"line":16,"column":null}},"6":{"start":{"line":17,"column":6},"end":{"line":17,"column":null}},"7":{"start":{"line":19,"column":6},"end":{"line":19,"column":null}},"8":{"start":{"line":20,"column":6},"end":{"line":20,"column":null}},"9":{"start":{"line":24,"column":22},"end":{"line":26,"column":null}},"10":{"start":{"line":25,"column":4},"end":{"line":25,"column":null}},"11":{"start":{"line":28,"column":2},"end":{"line":47,"column":null}}},"fnMap":{"0":{"name":"App","decl":{"start":{"line":8,"column":9},"end":{"line":8,"column":15}},"loc":{"start":{"line":8,"column":15},"end":{"line":49,"column":null}},"line":8},"1":{"name":"(anonymous_1)","decl":{"start":{"line":9,"column":43},"end":{"line":9,"column":49}},"loc":{"start":{"line":9,"column":49},"end":{"line":12,"column":3}},"line":9},"2":{"name":"(anonymous_2)","decl":{"start":{"line":14,"column":12},"end":{"line":14,"column":18}},"loc":{"start":{"line":14,"column":18},"end":{"line":22,"column":5}},"line":14},"3":{"name":"(anonymous_3)","decl":{"start":{"line":24,"column":22},"end":{"line":24,"column":28}},"loc":{"start":{"line":24,"column":28},"end":{"line":26,"column":null}},"line":24}},"branchMap":{"0":{"loc":{"start":{"line":15,"column":4},"end":{"line":21,"column":null}},"type":"if","locations":[{"start":{"line":15,"column":4},"end":{"line":21,"column":null}},{"start":{"line":18,"column":11},"end":{"line":21,"column":null}}],"line":15}},"s":{"0":19,"1":16,"2":16,"3":19,"4":16,"5":5,"6":5,"7":11,"8":11,"9":19,"10":0,"11":19},"f":{"0":19,"1":16,"2":16,"3":0},"b":{"0":[5,11]},"meta":{"lastBranch":1,"lastFunction":4,"lastStatement":12,"seen":{"f:8:9:8:15":0,"s:9:30:12:Infinity":0,"f:9:43:9:49":1,"s:10:23:10:Infinity":1,"s:11:4:11:Infinity":2,"s:14:2:22:Infinity":3,"f:14:12:14:18":2,"b:15:4:21:Infinity:18:11:21:Infinity":0,"s:15:4:21:Infinity":4,"s:16:6:16:Infinity":5,"s:17:6:17:Infinity":6,"s:19:6:19:Infinity":7,"s:20:6:20:Infinity":8,"s:24:22:26:Infinity":9,"f:24:22:24:28":3,"s:25:4:25:Infinity":10,"s:28:2:47:Infinity":11}}}
,"C:\\Users\\miche\\Desktop\\Kamuta Ltd\\Michel-s-Catering\\src\\Clients.css": {"path":"C:\\Users\\miche\\Desktop\\Kamuta Ltd\\Michel-s-Catering\\src\\Clients.css","statementMap":{},"fnMap":{},"branchMap":{},"s":{},"f":{},"b":{},"meta":{"lastBranch":0,"lastFunction":0,"lastStatement":0,"seen":{}}}
,"C:\\Users\\miche\\Desktop\\Kamuta Ltd\\Michel-s-Catering\\src\\components\\About.jsx": {"path":"C:\\Users\\miche\\Desktop\\Kamuta Ltd\\Michel-s-Catering\\src\\components\\About.jsx","statementMap":{"0":{"start":{"line":3,"column":14},"end":{"line":44,"column":null}},"1":{"start":{"line":4,"column":2},"end":{"line":42,"column":null}}},"fnMap":{"0":{"name":"(anonymous_0)","decl":{"start":{"line":3,"column":14},"end":{"line":3,"column":20}},"loc":{"start":{"line":3,"column":20},"end":{"line":44,"column":null}},"line":3}},"branchMap":{},"s":{"0":2,"1":19},"f":{"0":19},"b":{},"meta":{"lastBranch":0,"lastFunction":1,"lastStatement":2,"seen":{"s:3:14:44:Infinity":0,"f:3:14:3:20":0,"s:4:2:42:Infinity":1}}}
,"C:\\Users\\miche\\Desktop\\Kamuta Ltd\\Michel-s-Catering\\src\\components\\Clients.jsx": {"path":"C:\\Users\\miche\\Desktop\\Kamuta Ltd\\Michel-s-Catering\\src\\components\\Clients.jsx","statementMap":{"0":{"start":{"line":4,"column":16},"end":{"line":57,"column":null}},"1":{"start":{"line":5,"column":22},"end":{"line":30,"column":null}},"2":{"start":{"line":32,"column":2},"end":{"line":55,"column":null}},"3":{"start":{"line":42,"column":12},"end":{"line":44,"column":null}},"4":{"start":{"line":49,"column":12},"end":{"line":51,"column":null}}},"fnMap":{"0":{"name":"(anonymous_0)","decl":{"start":{"line":4,"column":16},"end":{"line":4,"column":22}},"loc":{"start":{"line":4,"column":22},"end":{"line":57,"column":null}},"line":4},"1":{"name":"(anonymous_1)","decl":{"start":{"line":41,"column":27},"end":{"line":41,"column":28}},"loc":{"start":{"line":42,"column":12},"end":{"line":44,"column":null}},"line":42},"2":{"name":"(anonymous_2)","decl":{"start":{"line":48,"column":27},"end":{"line":48,"column":28}},"loc":{"start":{"line":49,"column":12},"end":{"line":51,"column":null}},"line":49}},"branchMap":{},"s":{"0":2,"1":22,"2":22,"3":132,"4":132},"f":{"0":22,"1":132,"2":132},"b":{},"meta":{"lastBranch":0,"lastFunction":3,"lastStatement":5,"seen":{"s:4:16:57:Infinity":0,"f:4:16:4:22":0,"s:5:22:30:Infinity":1,"s:32:2:55:Infinity":2,"f:41:27:41:28":1,"s:42:12:44:Infinity":3,"f:48:27:48:28":2,"s:49:12:51:Infinity":4}}}
,"C:\\Users\\miche\\Desktop\\Kamuta Ltd\\Michel-s-Catering\\src\\components\\Contact.jsx": {"path":"C:\\Users\\miche\\Desktop\\Kamuta Ltd\\Michel-s-Catering\\src\\components\\Contact.jsx","statementMap":{"0":{"start":{"line":3,"column":16},"end":{"line":209,"column":null}},"1":{"start":{"line":4,"column":28},"end":{"line":4,"column":null}},"2":{"start":{"line":5,"column":38},"end":{"line":5,"column":null}},"3":{"start":{"line":6,"column":30},"end":{"line":11,"column":null}},"4":{"start":{"line":13,"column":23},"end":{"line":18,"column":null}},"5":{"start":{"line":14,"column":4},"end":{"line":17,"column":null}},"6":{"start":{"line":20,"column":23},"end":{"line":67,"column":null}},"7":{"start":{"line":21,"column":4},"end":{"line":21,"column":null}},"8":{"start":{"line":22,"column":4},"end":{"line":22,"column":null}},"9":{"start":{"line":24,"column":4},"end":{"line":66,"column":null}},"10":{"start":{"line":26,"column":21},"end":{"line":30,"column":null}},"11":{"start":{"line":32,"column":24},"end":{"line":38,"column":null}},"12":{"start":{"line":40,"column":23},"end":{"line":50,"column":null}},"13":{"start":{"line":52,"column":6},"end":{"line":59,"column":null}},"14":{"start":{"line":53,"column":8},"end":{"line":55,"column":null}},"15":{"start":{"line":56,"column":8},"end":{"line":56,"column":null}},"16":{"start":{"line":58,"column":8},"end":{"line":58,"column":null}},"17":{"start":{"line":61,"column":6},"end":{"line":63,"column":null}},"18":{"start":{"line":65,"column":6},"end":{"line":65,"column":null}},"19":{"start":{"line":69,"column":25},"end":{"line":78,"column":null}},"20":{"start":{"line":71,"column":20},"end":{"line":71,"column":null}},"21":{"start":{"line":72,"column":16},"end":{"line":74,"column":null}},"22":{"start":{"line":77,"column":4},"end":{"line":77,"column":null}},"23":{"start":{"line":80,"column":30},"end":{"line":83,"column":null}},"24":{"start":{"line":82,"column":4},"end":{"line":82,"column":null}},"25":{"start":{"line":85,"column":25},"end":{"line":90,"column":null}},"26":{"start":{"line":88,"column":6},"end":{"line":88,"column":null}},"27":{"start":{"line":89,"column":4},"end":{"line":89,"column":null}},"28":{"start":{"line":92,"column":2},"end":{"line":207,"column":null}},"29":{"start":{"line":103,"column":32},"end":{"line":103,"column":null}},"30":{"start":{"line":114,"column":36},"end":{"line":114,"column":null}}},"fnMap":{"0":{"name":"(anonymous_0)","decl":{"start":{"line":3,"column":16},"end":{"line":3,"column":22}},"loc":{"start":{"line":3,"column":22},"end":{"line":209,"column":null}},"line":3},"1":{"name":"(anonymous_1)","decl":{"start":{"line":13,"column":23},"end":{"line":13,"column":24}},"loc":{"start":{"line":13,"column":30},"end":{"line":18,"column":null}},"line":13},"2":{"name":"(anonymous_2)","decl":{"start":{"line":20,"column":23},"end":{"line":20,"column":30}},"loc":{"start":{"line":20,"column":36},"end":{"line":67,"column":null}},"line":20},"3":{"name":"(anonymous_3)","decl":{"start":{"line":69,"column":25},"end":{"line":69,"column":31}},"loc":{"start":{"line":69,"column":31},"end":{"line":78,"column":null}},"line":69},"4":{"name":"(anonymous_4)","decl":{"start":{"line":80,"column":30},"end":{"line":80,"column":36}},"loc":{"start":{"line":80,"column":36},"end":{"line":83,"column":null}},"line":80},"5":{"name":"(anonymous_5)","decl":{"start":{"line":85,"column":25},"end":{"line":85,"column":31}},"loc":{"start":{"line":85,"column":31},"end":{"line":90,"column":null}},"line":85},"6":{"name":"(anonymous_6)","decl":{"start":{"line":103,"column":26},"end":{"line":103,"column":32}},"loc":{"start":{"line":103,"column":32},"end":{"line":103,"column":null}},"line":103},"7":{"name":"(anonymous_7)","decl":{"start":{"line":114,"column":30},"end":{"line":114,"column":36}},"loc":{"start":{"line":114,"column":36},"end":{"line":114,"column":null}},"line":114}},"branchMap":{"0":{"loc":{"start":{"line":35,"column":17},"end":{"line":35,"column":null}},"type":"binary-expr","locations":[{"start":{"line":35,"column":17},"end":{"line":35,"column":37}},{"start":{"line":35,"column":37},"end":{"line":35,"column":null}}],"line":35},"1":{"loc":{"start":{"line":52,"column":6},"end":{"line":59,"column":null}},"type":"if","locations":[{"start":{"line":52,"column":6},"end":{"line":59,"column":null}},{"start":{"line":57,"column":13},"end":{"line":59,"column":null}}],"line":52},"2":{"loc":{"start":{"line":111,"column":13},"end":{"line":129,"column":null}},"type":"binary-expr","locations":[{"start":{"line":111,"column":13},"end":{"line":111,"column":null}},{"start":{"line":112,"column":14},"end":{"line":129,"column":null}}],"line":111},"3":{"loc":{"start":{"line":192,"column":18},"end":{"line":192,"column":null}},"type":"cond-expr","locations":[{"start":{"line":192,"column":33},"end":{"line":192,"column":60}},{"start":{"line":192,"column":60},"end":{"line":192,"column":null}}],"line":192},"4":{"loc":{"start":{"line":195,"column":15},"end":{"line":195,"column":null}},"type":"cond-expr","locations":[{"start":{"line":195,"column":30},"end":{"line":195,"column":46}},{"start":{"line":195,"column":46},"end":{"line":195,"column":null}}],"line":195}},"s":{"0":2,"1":33,"2":33,"3":33,"4":33,"5":11,"6":33,"7":3,"8":3,"9":3,"10":3,"11":3,"12":3,"13":2,"14":2,"15":2,"16":0,"17":1,"18":3,"19":33,"20":1,"21":1,"22":1,"23":33,"24":0,"25":33,"26":0,"27":0,"28":33,"29":0,"30":0},"f":{"0":33,"1":11,"2":3,"3":1,"4":0,"5":0,"6":0,"7":0},"b":{"0":[3,3],"1":[2,0],"2":[33,0],"3":[3,30],"4":[3,30]},"meta":{"lastBranch":5,"lastFunction":8,"lastStatement":31,"seen":{"s:3:16:209:Infinity":0,"f:3:16:3:22":0,"s:4:28:4:Infinity":1,"s:5:38:5:Infinity":2,"s:6:30:11:Infinity":3,"s:13:23:18:Infinity":4,"f:13:23:13:24":1,"s:14:4:17:Infinity":5,"s:20:23:67:Infinity":6,"f:20:23:20:30":2,"s:21:4:21:Infinity":7,"s:22:4:22:Infinity":8,"s:24:4:66:Infinity":9,"s:26:21:30:Infinity":10,"s:32:24:38:Infinity":11,"b:35:17:35:37:35:37:35:Infinity":0,"s:40:23:50:Infinity":12,"b:52:6:59:Infinity:57:13:59:Infinity":1,"s:52:6:59:Infinity":13,"s:53:8:55:Infinity":14,"s:56:8:56:Infinity":15,"s:58:8:58:Infinity":16,"s:61:6:63:Infinity":17,"s:65:6:65:Infinity":18,"s:69:25:78:Infinity":19,"f:69:25:69:31":3,"s:71:20:71:Infinity":20,"s:72:16:74:Infinity":21,"s:77:4:77:Infinity":22,"s:80:30:83:Infinity":23,"f:80:30:80:36":4,"s:82:4:82:Infinity":24,"s:85:25:90:Infinity":25,"f:85:25:85:31":5,"s:88:6:88:Infinity":26,"s:89:4:89:Infinity":27,"s:92:2:207:Infinity":28,"f:103:26:103:32":6,"s:103:32:103:Infinity":29,"b:111:13:111:Infinity:112:14:129:Infinity":2,"f:114:30:114:36":7,"s:114:36:114:Infinity":30,"b:192:33:192:60:192:60:192:Infinity":3,"b:195:30:195:46:195:46:195:Infinity":4}}}
,"C:\\Users\\miche\\Desktop\\Kamuta Ltd\\Michel-s-Catering\\src\\components\\Footer.jsx": {"path":"C:\\Users\\miche\\Desktop\\Kamuta Ltd\\Michel-s-Catering\\src\\components\\Footer.jsx","statementMap":{"0":{"start":{"line":3,"column":15},"end":{"line":133,"column":null}},"1":{"start":{"line":4,"column":29},"end":{"line":9,"column":null}},"2":{"start":{"line":5,"column":4},"end":{"line":5,"column":null}},"3":{"start":{"line":6,"column":4},"end":{"line":8,"column":null}},"4":{"start":{"line":7,"column":6},"end":{"line":7,"column":null}},"5":{"start":{"line":11,"column":2},"end":{"line":131,"column":null}}},"fnMap":{"0":{"name":"(anonymous_0)","decl":{"start":{"line":3,"column":15},"end":{"line":3,"column":16}},"loc":{"start":{"line":3,"column":38},"end":{"line":133,"column":null}},"line":3},"1":{"name":"(anonymous_1)","decl":{"start":{"line":4,"column":29},"end":{"line":4,"column":30}},"loc":{"start":{"line":4,"column":36},"end":{"line":9,"column":null}},"line":4}},"branchMap":{"0":{"loc":{"start":{"line":6,"column":4},"end":{"line":8,"column":null}},"type":"if","locations":[{"start":{"line":6,"column":4},"end":{"line":8,"column":null}},{"start":{},"end":{}}],"line":6}},"s":{"0":2,"1":16,"2":2,"3":2,"4":1,"5":16},"f":{"0":16,"1":2},"b":{"0":[1,1]},"meta":{"lastBranch":1,"lastFunction":2,"lastStatement":6,"seen":{"s:3:15:133:Infinity":0,"f:3:15:3:16":0,"s:4:29:9:Infinity":1,"f:4:29:4:30":1,"s:5:4:5:Infinity":2,"b:6:4:8:Infinity:undefined:undefined:undefined:undefined":0,"s:6:4:8:Infinity":3,"s:7:6:7:Infinity":4,"s:11:2:131:Infinity":5}}}
,"C:\\Users\\miche\\Desktop\\Kamuta Ltd\\Michel-s-Catering\\src\\components\\Gallery.jsx": {"path":"C:\\Users\\miche\\Desktop\\Kamuta Ltd\\Michel-s-Catering\\src\\components\\Gallery.jsx","statementMap":{"0":{"start":{"line":3,"column":16},"end":{"line":83,"column":null}},"1":{"start":{"line":4,"column":40},"end":{"line":4,"column":null}},"2":{"start":{"line":6,"column":24},"end":{"line":37,"column":null}},"3":{"start":{"line":39,"column":23},"end":{"line":41,"column":null}},"4":{"start":{"line":40,"column":4},"end":{"line":40,"column":null}},"5":{"start":{"line":43,"column":24},"end":{"line":45,"column":null}},"6":{"start":{"line":44,"column":4},"end":{"line":44,"column":null}},"7":{"start":{"line":47,"column":2},"end":{"line":81,"column":null}},"8":{"start":{"line":60,"column":10},"end":{"line":69,"column":null}},"9":{"start":{"line":63,"column":27},"end":{"line":63,"column":null}}},"fnMap":{"0":{"name":"(anonymous_0)","decl":{"start":{"line":3,"column":16},"end":{"line":3,"column":17}},"loc":{"start":{"line":3,"column":33},"end":{"line":83,"column":null}},"line":3},"1":{"name":"(anonymous_1)","decl":{"start":{"line":39,"column":23},"end":{"line":39,"column":24}},"loc":{"start":{"line":39,"column":34},"end":{"line":41,"column":null}},"line":39},"2":{"name":"(anonymous_2)","decl":{"start":{"line":43,"column":24},"end":{"line":43,"column":30}},"loc":{"start":{"line":43,"column":30},"end":{"line":45,"column":null}},"line":43},"3":{"name":"(anonymous_3)","decl":{"start":{"line":59,"column":27},"end":{"line":59,"column":28}},"loc":{"start":{"line":60,"column":10},"end":{"line":69,"column":null}},"line":60},"4":{"name":"(anonymous_4)","decl":{"start":{"line":63,"column":21},"end":{"line":63,"column":27}},"loc":{"start":{"line":63,"column":27},"end":{"line":63,"column":null}},"line":63}},"branchMap":{"0":{"loc":{"start":{"line":73,"column":7},"end":{"line":79,"column":null}},"type":"binary-expr","locations":[{"start":{"line":73,"column":7},"end":{"line":73,"column":null}},{"start":{"line":74,"column":8},"end":{"line":79,"column":null}}],"line":73}},"s":{"0":2,"1":18,"2":18,"3":18,"4":3,"5":18,"6":1,"7":18,"8":540,"9":3},"f":{"0":18,"1":3,"2":1,"3":540,"4":3},"b":{"0":[18,3]},"meta":{"lastBranch":1,"lastFunction":5,"lastStatement":10,"seen":{"s:3:16:83:Infinity":0,"f:3:16:3:17":0,"s:4:40:4:Infinity":1,"s:6:24:37:Infinity":2,"s:39:23:41:Infinity":3,"f:39:23:39:24":1,"s:40:4:40:Infinity":4,"s:43:24:45:Infinity":5,"f:43:24:43:30":2,"s:44:4:44:Infinity":6,"s:47:2:81:Infinity":7,"f:59:27:59:28":3,"s:60:10:69:Infinity":8,"f:63:21:63:27":4,"s:63:27:63:Infinity":9,"b:73:7:73:Infinity:74:8:79:Infinity":0}}}
,"C:\\Users\\miche\\Desktop\\Kamuta Ltd\\Michel-s-Catering\\src\\components\\Header.jsx": {"path":"C:\\Users\\miche\\Desktop\\Kamuta Ltd\\Michel-s-Catering\\src\\components\\Header.jsx","statementMap":{"0":{"start":{"line":12,"column":15},"end":{"line":116,"column":null}},"1":{"start":{"line":13,"column":8},"end":{"line":13,"column":null}},"2":{"start":{"line":14,"column":42},"end":{"line":14,"column":null}},"3":{"start":{"line":16,"column":2},"end":{"line":28,"column":null}},"4":{"start":{"line":18,"column":4},"end":{"line":22,"column":null}},"5":{"start":{"line":19,"column":6},"end":{"line":19,"column":null}},"6":{"start":{"line":21,"column":6},"end":{"line":21,"column":null}},"7":{"start":{"line":25,"column":4},"end":{"line":27,"column":null}},"8":{"start":{"line":26,"column":6},"end":{"line":26,"column":null}},"9":{"start":{"line":30,"column":26},"end":{"line":33,"column":null}},"10":{"start":{"line":31,"column":4},"end":{"line":31,"column":null}},"11":{"start":{"line":32,"column":4},"end":{"line":32,"column":null}},"12":{"start":{"line":35,"column":29},"end":{"line":41,"column":null}},"13":{"start":{"line":36,"column":4},"end":{"line":36,"column":null}},"14":{"start":{"line":37,"column":4},"end":{"line":39,"column":null}},"15":{"start":{"line":38,"column":6},"end":{"line":38,"column":null}},"16":{"start":{"line":40,"column":4},"end":{"line":40,"column":null}},"17":{"start":{"line":43,"column":25},"end":{"line":45,"column":null}},"18":{"start":{"line":44,"column":4},"end":{"line":44,"column":null}},"19":{"start":{"line":47,"column":27},"end":{"line":49,"column":null}},"20":{"start":{"line":48,"column":4},"end":{"line":48,"column":null}},"21":{"start":{"line":51,"column":2},"end":{"line":114,"column":null}}},"fnMap":{"0":{"name":"(anonymous_0)","decl":{"start":{"line":12,"column":15},"end":{"line":12,"column":16}},"loc":{"start":{"line":12,"column":61},"end":{"line":116,"column":null}},"line":12},"1":{"name":"(anonymous_1)","decl":{"start":{"line":16,"column":12},"end":{"line":16,"column":18}},"loc":{"start":{"line":16,"column":18},"end":{"line":28,"column":5}},"line":16},"2":{"name":"(anonymous_2)","decl":{"start":{"line":25,"column":11},"end":{"line":25,"column":17}},"loc":{"start":{"line":25,"column":17},"end":{"line":27,"column":null}},"line":25},"3":{"name":"(anonymous_3)","decl":{"start":{"line":30,"column":26},"end":{"line":30,"column":32}},"loc":{"start":{"line":30,"column":32},"end":{"line":33,"column":null}},"line":30},"4":{"name":"(anonymous_4)","decl":{"start":{"line":35,"column":29},"end":{"line":35,"column":30}},"loc":{"start":{"line":35,"column":36},"end":{"line":41,"column":null}},"line":35},"5":{"name":"(anonymous_5)","decl":{"start":{"line":43,"column":25},"end":{"line":43,"column":31}},"loc":{"start":{"line":43,"column":31},"end":{"line":45,"column":null}},"line":43},"6":{"name":"(anonymous_6)","decl":{"start":{"line":47,"column":27},"end":{"line":47,"column":33}},"loc":{"start":{"line":47,"column":33},"end":{"line":49,"column":null}},"line":47}},"branchMap":{"0":{"loc":{"start":{"line":18,"column":4},"end":{"line":22,"column":null}},"type":"if","locations":[{"start":{"line":18,"column":4},"end":{"line":22,"column":null}},{"start":{"line":20,"column":11},"end":{"line":22,"column":null}}],"line":18},"1":{"loc":{"start":{"line":37,"column":4},"end":{"line":39,"column":null}},"type":"if","locations":[{"start":{"line":37,"column":4},"end":{"line":39,"column":null}},{"start":{},"end":{}}],"line":37},"2":{"loc":{"start":{"line":62,"column":36},"end":{"line":62,"column":75}},"type":"cond-expr","locations":[{"start":{"line":62,"column":53},"end":{"line":62,"column":73}},{"start":{"line":62,"column":73},"end":{"line":62,"column":75}}],"line":62}},"s":{"0":2,"1":37,"2":37,"3":37,"4":37,"5":8,"6":29,"7":37,"8":37,"9":37,"10":3,"11":3,"12":37,"13":2,"14":2,"15":1,"16":2,"17":37,"18":1,"19":37,"20":10,"21":37},"f":{"0":37,"1":37,"2":37,"3":3,"4":2,"5":1,"6":10},"b":{"0":[8,29],"1":[1,1],"2":[8,29]},"meta":{"lastBranch":3,"lastFunction":7,"lastStatement":22,"seen":{"s:12:15:116:Infinity":0,"f:12:15:12:16":0,"s:13:8:13:Infinity":1,"s:14:42:14:Infinity":2,"s:16:2:28:Infinity":3,"f:16:12:16:18":1,"b:18:4:22:Infinity:20:11:22:Infinity":0,"s:18:4:22:Infinity":4,"s:19:6:19:Infinity":5,"s:21:6:21:Infinity":6,"s:25:4:27:Infinity":7,"f:25:11:25:17":2,"s:26:6:26:Infinity":8,"s:30:26:33:Infinity":9,"f:30:26:30:32":3,"s:31:4:31:Infinity":10,"s:32:4:32:Infinity":11,"s:35:29:41:Infinity":12,"f:35:29:35:30":4,"s:36:4:36:Infinity":13,"b:37:4:39:Infinity:undefined:undefined:undefined:undefined":1,"s:37:4:39:Infinity":14,"s:38:6:38:Infinity":15,"s:40:4:40:Infinity":16,"s:43:25:45:Infinity":17,"f:43:25:43:31":5,"s:44:4:44:Infinity":18,"s:47:27:49:Infinity":19,"f:47:27:47:33":6,"s:48:4:48:Infinity":20,"s:51:2:114:Infinity":21,"b:62:53:62:73:62:73:62:75":2}}}
,"C:\\Users\\miche\\Desktop\\Kamuta Ltd\\Michel-s-Catering\\src\\components\\Hero.jsx": {"path":"C:\\Users\\miche\\Desktop\\Kamuta Ltd\\Michel-s-Catering\\src\\components\\Hero.jsx","statementMap":{"0":{"start":{"line":3,"column":13},"end":{"line":45,"column":null}},"1":{"start":{"line":4,"column":27},"end":{"line":10,"column":null}},"2":{"start":{"line":6,"column":27},"end":{"line":6,"column":null}},"3":{"start":{"line":7,"column":4},"end":{"line":9,"column":null}},"4":{"start":{"line":8,"column":6},"end":{"line":8,"column":null}},"5":{"start":{"line":12,"column":25},"end":{"line":18,"column":null}},"6":{"start":{"line":13,"column":20},"end":{"line":13,"column":null}},"7":{"start":{"line":14,"column":16},"end":{"line":16,"column":null}},"8":{"start":{"line":17,"column":4},"end":{"line":17,"column":null}},"9":{"start":{"line":20,"column":2},"end":{"line":43,"column":null}}},"fnMap":{"0":{"name":"(anonymous_0)","decl":{"start":{"line":3,"column":13},"end":{"line":3,"column":19}},"loc":{"start":{"line":3,"column":19},"end":{"line":45,"column":null}},"line":3},"1":{"name":"(anonymous_1)","decl":{"start":{"line":4,"column":27},"end":{"line":4,"column":33}},"loc":{"start":{"line":4,"column":33},"end":{"line":10,"column":null}},"line":4},"2":{"name":"(anonymous_2)","decl":{"start":{"line":12,"column":25},"end":{"line":12,"column":31}},"loc":{"start":{"line":12,"column":31},"end":{"line":18,"column":null}},"line":12}},"branchMap":{"0":{"loc":{"start":{"line":7,"column":4},"end":{"line":9,"column":null}},"type":"if","locations":[{"start":{"line":7,"column":4},"end":{"line":9,"column":null}},{"start":{},"end":{}}],"line":7}},"s":{"0":2,"1":16,"2":2,"3":2,"4":1,"5":16,"6":2,"7":2,"8":2,"9":16},"f":{"0":16,"1":2,"2":2},"b":{"0":[1,1]},"meta":{"lastBranch":1,"lastFunction":3,"lastStatement":10,"seen":{"s:3:13:45:Infinity":0,"f:3:13:3:19":0,"s:4:27:10:Infinity":1,"f:4:27:4:33":1,"s:6:27:6:Infinity":2,"b:7:4:9:Infinity:undefined:undefined:undefined:undefined":0,"s:7:4:9:Infinity":3,"s:8:6:8:Infinity":4,"s:12:25:18:Infinity":5,"f:12:25:12:31":2,"s:13:20:13:Infinity":6,"s:14:16:16:Infinity":7,"s:17:4:17:Infinity":8,"s:20:2:43:Infinity":9}}}
,"C:\\Users\\miche\\Desktop\\Kamuta Ltd\\Michel-s-Catering\\src\\components\\Reviews.jsx": {"path":"C:\\Users\\miche\\Desktop\\Kamuta Ltd\\Michel-s-Catering\\src\\components\\Reviews.jsx","statementMap":{"0":{"start":{"line":3,"column":16},"end":{"line":355,"column":null}},"1":{"start":{"line":5,"column":25},"end":{"line":42,"column":null}},"2":{"start":{"line":45,"column":28},"end":{"line":51,"column":null}},"3":{"start":{"line":46,"column":25},"end":{"line":46,"column":null}},"4":{"start":{"line":47,"column":4},"end":{"line":49,"column":null}},"5":{"start":{"line":48,"column":6},"end":{"line":48,"column":null}},"6":{"start":{"line":50,"column":4},"end":{"line":50,"column":null}},"7":{"start":{"line":54,"column":2},"end":{"line":56,"column":null}},"8":{"start":{"line":55,"column":4},"end":{"line":55,"column":null}},"9":{"start":{"line":58,"column":30},"end":{"line":58,"column":null}},"10":{"start":{"line":59,"column":32},"end":{"line":59,"column":null}},"11":{"start":{"line":60,"column":38},"end":{"line":60,"column":null}},"12":{"start":{"line":61,"column":30},"end":{"line":66,"column":null}},"13":{"start":{"line":67,"column":2},"end":{"line":100,"column":null}},"14":{"start":{"line":68,"column":27},"end":{"line":96,"column":null}},"15":{"start":{"line":69,"column":6},"end":{"line":95,"column":null}},"16":{"start":{"line":70,"column":25},"end":{"line":70,"column":null}},"17":{"start":{"line":71,"column":8},"end":{"line":94,"column":null}},"18":{"start":{"line":73,"column":26},"end":{"line":73,"column":null}},"19":{"start":{"line":74,"column":23},"end":{"line":74,"column":null}},"20":{"start":{"line":75,"column":29},"end":{"line":75,"column":null}},"21":{"start":{"line":76,"column":28},"end":{"line":76,"column":null}},"22":{"start":{"line":77,"column":26},"end":{"line":79,"column":null}},"23":{"start":{"line":78,"column":24},"end":{"line":78,"column":55}},"24":{"start":{"line":82,"column":12},"end":{"line":82,"column":null}},"25":{"start":{"line":84,"column":10},"end":{"line":93,"column":null}},"26":{"start":{"line":85,"column":12},"end":{"line":85,"column":null}},"27":{"start":{"line":86,"column":12},"end":{"line":90,"column":null}},"28":{"start":{"line":92,"column":12},"end":{"line":92,"column":null}},"29":{"start":{"line":98,"column":4},"end":{"line":98,"column":null}},"30":{"start":{"line":99,"column":4},"end":{"line":99,"column":null}},"31":{"start":{"line":99,"column":17},"end":{"line":99,"column":null}},"32":{"start":{"line":102,"column":28},"end":{"line":108,"column":null}},"33":{"start":{"line":103,"column":28},"end":{"line":103,"column":null}},"34":{"start":{"line":104,"column":4},"end":{"line":107,"column":null}},"35":{"start":{"line":110,"column":23},"end":{"line":143,"column":null}},"36":{"start":{"line":111,"column":4},"end":{"line":111,"column":null}},"37":{"start":{"line":112,"column":4},"end":{"line":112,"column":null}},"38":{"start":{"line":115,"column":4},"end":{"line":142,"column":null}},"39":{"start":{"line":116,"column":24},"end":{"line":123,"column":null}},"40":{"start":{"line":125,"column":6},"end":{"line":125,"column":null}},"41":{"start":{"line":128,"column":6},"end":{"line":133,"column":null}},"42":{"start":{"line":135,"column":6},"end":{"line":135,"column":null}},"43":{"start":{"line":136,"column":6},"end":{"line":136,"column":null}},"44":{"start":{"line":139,"column":6},"end":{"line":141,"column":null}},"45":{"start":{"line":145,"column":22},"end":{"line":154,"column":null}},"46":{"start":{"line":146,"column":4},"end":{"line":153,"column":null}},"47":{"start":{"line":147,"column":6},"end":{"line":152,"column":null}},"48":{"start":{"line":156,"column":33},"end":{"line":159,"column":null}},"49":{"start":{"line":157,"column":16},"end":{"line":157,"column":null}},"50":{"start":{"line":157,"column":48},"end":{"line":157,"column":69}},"51":{"start":{"line":158,"column":4},"end":{"line":158,"column":null}},"52":{"start":{"line":161,"column":30},"end":{"line":168,"column":null}},"53":{"start":{"line":162,"column":4},"end":{"line":166,"column":null}},"54":{"start":{"line":164,"column":8},"end":{"line":164,"column":null}},"55":{"start":{"line":167,"column":4},"end":{"line":167,"column":null}},"56":{"start":{"line":170,"column":29},"end":{"line":175,"column":null}},"57":{"start":{"line":171,"column":4},"end":{"line":174,"column":null}},"58":{"start":{"line":172,"column":6},"end":{"line":172,"column":null}},"59":{"start":{"line":172,"column":44},"end":{"line":172,"column":66}},"60":{"start":{"line":173,"column":6},"end":{"line":173,"column":null}},"61":{"start":{"line":177,"column":2},"end":{"line":353,"column":null}},"62":{"start":{"line":201,"column":27},"end":{"line":201,"column":null}},"63":{"start":{"line":244,"column":20},"end":{"line":253,"column":null}},"64":{"start":{"line":296,"column":12},"end":{"line":349,"column":null}},"65":{"start":{"line":336,"column":37},"end":{"line":336,"column":null}},"66":{"start":{"line":343,"column":35},"end":{"line":343,"column":null}}},"fnMap":{"0":{"name":"(anonymous_0)","decl":{"start":{"line":3,"column":16},"end":{"line":3,"column":22}},"loc":{"start":{"line":3,"column":22},"end":{"line":355,"column":null}},"line":3},"1":{"name":"(anonymous_1)","decl":{"start":{"line":45,"column":41},"end":{"line":45,"column":47}},"loc":{"start":{"line":45,"column":47},"end":{"line":51,"column":3}},"line":45},"2":{"name":"(anonymous_2)","decl":{"start":{"line":54,"column":12},"end":{"line":54,"column":18}},"loc":{"start":{"line":54,"column":18},"end":{"line":56,"column":5}},"line":54},"3":{"name":"(anonymous_3)","decl":{"start":{"line":67,"column":12},"end":{"line":67,"column":18}},"loc":{"start":{"line":67,"column":18},"end":{"line":100,"column":5}},"line":67},"4":{"name":"(anonymous_4)","decl":{"start":{"line":68,"column":27},"end":{"line":68,"column":34}},"loc":{"start":{"line":68,"column":40},"end":{"line":96,"column":null}},"line":68},"5":{"name":"(anonymous_5)","decl":{"start":{"line":78,"column":17},"end":{"line":78,"column":18}},"loc":{"start":{"line":78,"column":24},"end":{"line":78,"column":55}},"line":78},"6":{"name":"(anonymous_6)","decl":{"start":{"line":99,"column":11},"end":{"line":99,"column":17}},"loc":{"start":{"line":99,"column":17},"end":{"line":99,"column":null}},"line":99},"7":{"name":"(anonymous_7)","decl":{"start":{"line":102,"column":28},"end":{"line":102,"column":29}},"loc":{"start":{"line":102,"column":35},"end":{"line":108,"column":null}},"line":102},"8":{"name":"(anonymous_8)","decl":{"start":{"line":110,"column":23},"end":{"line":110,"column":24}},"loc":{"start":{"line":110,"column":30},"end":{"line":143,"column":null}},"line":110},"9":{"name":"(anonymous_9)","decl":{"start":{"line":115,"column":15},"end":{"line":115,"column":21}},"loc":{"start":{"line":115,"column":21},"end":{"line":142,"column":7}},"line":115},"10":{"name":"(anonymous_10)","decl":{"start":{"line":145,"column":22},"end":{"line":145,"column":23}},"loc":{"start":{"line":145,"column":34},"end":{"line":154,"column":null}},"line":145},"11":{"name":"(anonymous_11)","decl":{"start":{"line":146,"column":29},"end":{"line":146,"column":30}},"loc":{"start":{"line":147,"column":6},"end":{"line":152,"column":null}},"line":147},"12":{"name":"(anonymous_12)","decl":{"start":{"line":156,"column":33},"end":{"line":156,"column":39}},"loc":{"start":{"line":156,"column":39},"end":{"line":159,"column":null}},"line":156},"13":{"name":"(anonymous_13)","decl":{"start":{"line":157,"column":31},"end":{"line":157,"column":32}},"loc":{"start":{"line":157,"column":48},"end":{"line":157,"column":69}},"line":157},"14":{"name":"(anonymous_14)","decl":{"start":{"line":161,"column":30},"end":{"line":161,"column":31}},"loc":{"start":{"line":161,"column":44},"end":{"line":168,"column":null}},"line":161},"15":{"name":"(anonymous_15)","decl":{"start":{"line":163,"column":18},"end":{"line":163,"column":19}},"loc":{"start":{"line":164,"column":8},"end":{"line":164,"column":null}},"line":164},"16":{"name":"(anonymous_16)","decl":{"start":{"line":170,"column":29},"end":{"line":170,"column":30}},"loc":{"start":{"line":170,"column":43},"end":{"line":175,"column":null}},"line":170},"17":{"name":"(anonymous_17)","decl":{"start":{"line":172,"column":32},"end":{"line":172,"column":33}},"loc":{"start":{"line":172,"column":44},"end":{"line":172,"column":66}},"line":172},"18":{"name":"(anonymous_18)","decl":{"start":{"line":201,"column":21},"end":{"line":201,"column":27}},"loc":{"start":{"line":201,"column":27},"end":{"line":201,"column":null}},"line":201},"19":{"name":"(anonymous_19)","decl":{"start":{"line":243,"column":39},"end":{"line":243,"column":40}},"loc":{"start":{"line":244,"column":20},"end":{"line":253,"column":null}},"line":244},"20":{"name":"(anonymous_20)","decl":{"start":{"line":295,"column":23},"end":{"line":295,"column":24}},"loc":{"start":{"line":296,"column":12},"end":{"line":349,"column":null}},"line":296},"21":{"name":"(anonymous_21)","decl":{"start":{"line":336,"column":31},"end":{"line":336,"column":37}},"loc":{"start":{"line":336,"column":37},"end":{"line":336,"column":null}},"line":336},"22":{"name":"(anonymous_22)","decl":{"start":{"line":343,"column":29},"end":{"line":343,"column":35}},"loc":{"start":{"line":343,"column":35},"end":{"line":343,"column":null}},"line":343}},"branchMap":{"0":{"loc":{"start":{"line":47,"column":4},"end":{"line":49,"column":null}},"type":"if","locations":[{"start":{"line":47,"column":4},"end":{"line":49,"column":null}},{"start":{},"end":{}}],"line":47},"1":{"loc":{"start":{"line":69,"column":6},"end":{"line":95,"column":null}},"type":"if","locations":[{"start":{"line":69,"column":6},"end":{"line":95,"column":null}},{"start":{},"end":{}}],"line":69},"2":{"loc":{"start":{"line":69,"column":10},"end":{"line":69,"column":52}},"type":"binary-expr","locations":[{"start":{"line":69,"column":10},"end":{"line":69,"column":23}},{"start":{"line":69,"column":23},"end":{"line":69,"column":37}},{"start":{"line":69,"column":37},"end":{"line":69,"column":52}}],"line":69},"3":{"loc":{"start":{"line":71,"column":8},"end":{"line":94,"column":null}},"type":"if","locations":[{"start":{"line":71,"column":8},"end":{"line":94,"column":null}},{"start":{},"end":{}}],"line":71},"4":{"loc":{"start":{"line":84,"column":10},"end":{"line":93,"column":null}},"type":"if","locations":[{"start":{"line":84,"column":10},"end":{"line":93,"column":null}},{"start":{"line":91,"column":17},"end":{"line":93,"column":null}}],"line":84},"5":{"loc":{"start":{"line":87,"column":14},"end":{"line":89,"column":null}},"type":"cond-expr","locations":[{"start":{"line":88,"column":18},"end":{"line":88,"column":null}},{"start":{"line":89,"column":18},"end":{"line":89,"column":null}}],"line":87},"6":{"loc":{"start":{"line":150,"column":10},"end":{"line":150,"column":null}},"type":"cond-expr","locations":[{"start":{"line":150,"column":27},"end":{"line":150,"column":43}},{"start":{"line":150,"column":43},"end":{"line":150,"column":null}}],"line":150},"7":{"loc":{"start":{"line":164,"column":8},"end":{"line":164,"column":null}},"type":"cond-expr","locations":[{"start":{"line":164,"column":33},"end":{"line":164,"column":65}},{"start":{"line":164,"column":65},"end":{"line":164,"column":null}}],"line":164},"8":{"loc":{"start":{"line":171,"column":4},"end":{"line":174,"column":null}},"type":"if","locations":[{"start":{"line":171,"column":4},"end":{"line":174,"column":null}},{"start":{},"end":{}}],"line":171},"9":{"loc":{"start":{"line":182,"column":9},"end":{"line":185,"column":null}},"type":"binary-expr","locations":[{"start":{"line":182,"column":9},"end":{"line":182,"column":null}},{"start":{"line":183,"column":10},"end":{"line":185,"column":null}}],"line":182},"10":{"loc":{"start":{"line":204,"column":13},"end":{"line":204,"column":null}},"type":"cond-expr","locations":[{"start":{"line":204,"column":24},"end":{"line":204,"column":35}},{"start":{"line":204,"column":35},"end":{"line":204,"column":null}}],"line":204},"11":{"loc":{"start":{"line":209,"column":9},"end":{"line":290,"column":null}},"type":"binary-expr","locations":[{"start":{"line":209,"column":9},"end":{"line":209,"column":null}},{"start":{"line":210,"column":10},"end":{"line":290,"column":null}}],"line":209},"12":{"loc":{"start":{"line":258,"column":19},"end":{"line":258,"column":null}},"type":"cond-expr","locations":[{"start":{"line":258,"column":41},"end":{"line":258,"column":47}},{"start":{"line":258,"column":47},"end":{"line":258,"column":null}}],"line":258},"13":{"loc":{"start":{"line":282,"column":20},"end":{"line":284,"column":null}},"type":"cond-expr","locations":[{"start":{"line":283,"column":24},"end":{"line":283,"column":null}},{"start":{"line":284,"column":24},"end":{"line":284,"column":null}}],"line":282},"14":{"loc":{"start":{"line":287,"column":17},"end":{"line":287,"column":null}},"type":"cond-expr","locations":[{"start":{"line":287,"column":32},"end":{"line":287,"column":51}},{"start":{"line":287,"column":51},"end":{"line":287,"column":null}}],"line":287},"15":{"loc":{"start":{"line":312,"column":23},"end":{"line":319,"column":null}},"type":"cond-expr","locations":[{"start":{"line":313,"column":24},"end":{"line":315,"column":null}},{"start":{"line":317,"column":24},"end":{"line":319,"column":null}}],"line":312},"16":{"loc":{"start":{"line":331,"column":15},"end":{"line":347,"column":null}},"type":"binary-expr","locations":[{"start":{"line":331,"column":15},"end":{"line":331,"column":null}},{"start":{"line":332,"column":16},"end":{"line":347,"column":null}}],"line":331},"17":{"loc":{"start":{"line":333,"column":19},"end":{"line":339,"column":null}},"type":"binary-expr","locations":[{"start":{"line":333,"column":19},"end":{"line":333,"column":null}},{"start":{"line":334,"column":20},"end":{"line":339,"column":null}}],"line":333}},"s":{"0":2,"1":25,"2":25,"3":20,"4":20,"5":2,"6":18,"7":25,"8":20,"9":25,"10":25,"11":25,"12":25,"13":25,"14":20,"15":0,"16":0,"17":0,"18":0,"19":0,"20":0,"21":0,"22":0,"23":0,"24":0,"25":0,"26":0,"27":0,"28":0,"29":20,"30":20,"31":20,"32":25,"33":1,"34":1,"35":25,"36":0,"37":0,"38":0,"39":0,"40":0,"41":0,"42":0,"43":0,"44":0,"45":25,"46":122,"47":610,"48":25,"49":50,"50":194,"51":50,"52":25,"53":0,"54":0,"55":0,"56":25,"57":0,"58":0,"59":0,"60":0,"61":25,"62":4,"63":20,"64":97,"65":0,"66":0},"f":{"0":25,"1":20,"2":20,"3":20,"4":0,"5":0,"6":20,"7":1,"8":0,"9":0,"10":122,"11":610,"12":50,"13":194,"14":0,"15":0,"16":0,"17":0,"18":4,"19":20,"20":97,"21":0,"22":0},"b":{"0":[2,18],"1":[0,0],"2":[0,0,0],"3":[0,0],"4":[0,0],"5":[0,0],"6":[586,24],"7":[0,0],"8":[0,0],"9":[25,0],"10":[4,21],"11":[25,4],"12":[4,0],"13":[0,4],"14":[0,4],"15":[96,1],"16":[97,0],"17":[0,0]},"meta":{"lastBranch":18,"lastFunction":23,"lastStatement":67,"seen":{"s:3:16:355:Infinity":0,"f:3:16:3:22":0,"s:5:25:42:Infinity":1,"s:45:28:51:Infinity":2,"f:45:41:45:47":1,"s:46:25:46:Infinity":3,"b:47:4:49:Infinity:undefined:undefined:undefined:undefined":0,"s:47:4:49:Infinity":4,"s:48:6:48:Infinity":5,"s:50:4:50:Infinity":6,"s:54:2:56:Infinity":7,"f:54:12:54:18":2,"s:55:4:55:Infinity":8,"s:58:30:58:Infinity":9,"s:59:32:59:Infinity":10,"s:60:38:60:Infinity":11,"s:61:30:66:Infinity":12,"s:67:2:100:Infinity":13,"f:67:12:67:18":3,"s:68:27:96:Infinity":14,"f:68:27:68:34":4,"b:69:6:95:Infinity:undefined:undefined:undefined:undefined":1,"s:69:6:95:Infinity":15,"b:69:10:69:23:69:23:69:37:69:37:69:52":2,"s:70:25:70:Infinity":16,"b:71:8:94:Infinity:undefined:undefined:undefined:undefined":3,"s:71:8:94:Infinity":17,"s:73:26:73:Infinity":18,"s:74:23:74:Infinity":19,"s:75:29:75:Infinity":20,"s:76:28:76:Infinity":21,"s:77:26:79:Infinity":22,"f:78:17:78:18":5,"s:78:24:78:55":23,"s:82:12:82:Infinity":24,"b:84:10:93:Infinity:91:17:93:Infinity":4,"s:84:10:93:Infinity":25,"s:85:12:85:Infinity":26,"s:86:12:90:Infinity":27,"b:88:18:88:Infinity:89:18:89:Infinity":5,"s:92:12:92:Infinity":28,"s:98:4:98:Infinity":29,"s:99:4:99:Infinity":30,"f:99:11:99:17":6,"s:99:17:99:Infinity":31,"s:102:28:108:Infinity":32,"f:102:28:102:29":7,"s:103:28:103:Infinity":33,"s:104:4:107:Infinity":34,"s:110:23:143:Infinity":35,"f:110:23:110:24":8,"s:111:4:111:Infinity":36,"s:112:4:112:Infinity":37,"s:115:4:142:Infinity":38,"f:115:15:115:21":9,"s:116:24:123:Infinity":39,"s:125:6:125:Infinity":40,"s:128:6:133:Infinity":41,"s:135:6:135:Infinity":42,"s:136:6:136:Infinity":43,"s:139:6:141:Infinity":44,"s:145:22:154:Infinity":45,"f:145:22:145:23":10,"s:146:4:153:Infinity":46,"f:146:29:146:30":11,"s:147:6:152:Infinity":47,"b:150:27:150:43:150:43:150:Infinity":6,"s:156:33:159:Infinity":48,"f:156:33:156:39":12,"s:157:16:157:Infinity":49,"f:157:31:157:32":13,"s:157:48:157:69":50,"s:158:4:158:Infinity":51,"s:161:30:168:Infinity":52,"f:161:30:161:31":14,"s:162:4:166:Infinity":53,"f:163:18:163:19":15,"s:164:8:164:Infinity":54,"b:164:33:164:65:164:65:164:Infinity":7,"s:167:4:167:Infinity":55,"s:170:29:175:Infinity":56,"f:170:29:170:30":16,"b:171:4:174:Infinity:undefined:undefined:undefined:undefined":8,"s:171:4:174:Infinity":57,"s:172:6:172:Infinity":58,"f:172:32:172:33":17,"s:172:44:172:66":59,"s:173:6:173:Infinity":60,"s:177:2:353:Infinity":61,"b:182:9:182:Infinity:183:10:185:Infinity":9,"f:201:21:201:27":18,"s:201:27:201:Infinity":62,"b:204:24:204:35:204:35:204:Infinity":10,"b:209:9:209:Infinity:210:10:290:Infinity":11,"f:243:39:243:40":19,"s:244:20:253:Infinity":63,"b:258:41:258:47:258:47:258:Infinity":12,"b:283:24:283:Infinity:284:24:284:Infinity":13,"b:287:32:287:51:287:51:287:Infinity":14,"f:295:23:295:24":20,"s:296:12:349:Infinity":64,"b:313:24:315:Infinity:317:24:319:Infinity":15,"b:331:15:331:Infinity:332:16:347:Infinity":16,"b:333:19:333:Infinity:334:20:339:Infinity":17,"f:336:31:336:37":21,"s:336:37:336:Infinity":65,"f:343:29:343:35":22,"s:343:35:343:Infinity":66}}}
,"C:\\Users\\miche\\Desktop\\Kamuta Ltd\\Michel-s-Catering\\src\\components\\Services.jsx": {"path":"C:\\Users\\miche\\Desktop\\Kamuta Ltd\\Michel-s-Catering\\src\\components\\Services.jsx","statementMap":{"0":{"start":{"line":3,"column":17},"end":{"line":68,"column":null}},"1":{"start":{"line":4,"column":19},"end":{"line":45,"column":null}},"2":{"start":{"line":47,"column":2},"end":{"line":66,"column":null}},"3":{"start":{"line":55,"column":10},"end":{"line":63,"column":null}}},"fnMap":{"0":{"name":"(anonymous_0)","decl":{"start":{"line":3,"column":17},"end":{"line":3,"column":23}},"loc":{"start":{"line":3,"column":23},"end":{"line":68,"column":null}},"line":3},"1":{"name":"(anonymous_1)","decl":{"start":{"line":54,"column":22},"end":{"line":54,"column":23}},"loc":{"start":{"line":55,"column":10},"end":{"line":63,"column":null}},"line":55}},"branchMap":{},"s":{"0":2,"1":14,"2":14,"3":84},"f":{"0":14,"1":84},"b":{},"meta":{"lastBranch":0,"lastFunction":2,"lastStatement":4,"seen":{"s:3:17:68:Infinity":0,"f:3:17:3:23":0,"s:4:19:45:Infinity":1,"s:47:2:66:Infinity":2,"f:54:22:54:23":1,"s:55:10:63:Infinity":3}}}
,"C:\\Users\\miche\\Desktop\\Kamuta Ltd\\Michel-s-Catering\\src\\components\\Team.jsx": {"path":"C:\\Users\\miche\\Desktop\\Kamuta Ltd\\Michel-s-Catering\\src\\components\\Team.jsx","statementMap":{"0":{"start":{"line":3,"column":13},"end":{"line":52,"column":null}},"1":{"start":{"line":4,"column":22},"end":{"line":29,"column":null}},"2":{"start":{"line":31,"column":2},"end":{"line":50,"column":null}},"3":{"start":{"line":39,"column":10},"end":{"line":47,"column":null}}},"fnMap":{"0":{"name":"(anonymous_0)","decl":{"start":{"line":3,"column":13},"end":{"line":3,"column":19}},"loc":{"start":{"line":3,"column":19},"end":{"line":52,"column":null}},"line":3},"1":{"name":"(anonymous_1)","decl":{"start":{"line":38,"column":25},"end":{"line":38,"column":26}},"loc":{"start":{"line":39,"column":10},"end":{"line":47,"column":null}},"line":39}},"branchMap":{},"s":{"0":2,"1":19,"2":19,"3":76},"f":{"0":19,"1":76},"b":{},"meta":{"lastBranch":0,"lastFunction":2,"lastStatement":4,"seen":{"s:3:13:52:Infinity":0,"f:3:13:3:19":0,"s:4:22:29:Infinity":1,"s:31:2:50:Infinity":2,"f:38:25:38:26":1,"s:39:10:47:Infinity":3}}}
,"C:\\Users\\miche\\Desktop\\Kamuta Ltd\\Michel-s-Catering\\src\\pages\\Home.jsx": {"path":"C:\\Users\\miche\\Desktop\\Kamuta Ltd\\Michel-s-Catering\\src\\pages\\Home.jsx","statementMap":{"0":{"start":{"line":13,"column":13},"end":{"line":37,"column":null}},"1":{"start":{"line":14,"column":36},"end":{"line":14,"column":null}},"2":{"start":{"line":16,"column":24},"end":{"line":18,"column":null}},"3":{"start":{"line":17,"column":4},"end":{"line":17,"column":null}},"4":{"start":{"line":20,"column":2},"end":{"line":35,"column":null}},"5":{"start":{"line":32,"column":46},"end":{"line":32,"column":69}}},"fnMap":{"0":{"name":"(anonymous_0)","decl":{"start":{"line":13,"column":13},"end":{"line":13,"column":14}},"loc":{"start":{"line":13,"column":44},"end":{"line":37,"column":null}},"line":13},"1":{"name":"(anonymous_1)","decl":{"start":{"line":16,"column":24},"end":{"line":16,"column":30}},"loc":{"start":{"line":16,"column":30},"end":{"line":18,"column":null}},"line":16},"2":{"name":"(anonymous_2)","decl":{"start":{"line":32,"column":40},"end":{"line":32,"column":46}},"loc":{"start":{"line":32,"column":46},"end":{"line":32,"column":69}},"line":32}},"branchMap":{"0":{"loc":{"start":{"line":32,"column":7},"end":{"line":32,"column":null}},"type":"binary-expr","locations":[{"start":{"line":32,"column":7},"end":{"line":32,"column":22}},{"start":{"line":32,"column":22},"end":{"line":32,"column":null}}],"line":32}},"s":{"0":2,"1":26,"2":26,"3":5,"4":26,"5":2},"f":{"0":26,"1":5,"2":2},"b":{"0":[26,5]},"meta":{"lastBranch":1,"lastFunction":3,"lastStatement":6,"seen":{"s:13:13:37:Infinity":0,"f:13:13:13:14":0,"s:14:36:14:Infinity":1,"s:16:24:18:Infinity":2,"f:16:24:16:30":1,"s:17:4:17:Infinity":3,"s:20:2:35:Infinity":4,"b:32:7:32:22:32:22:32:Infinity":0,"f:32:40:32:46":2,"s:32:46:32:69":5}}}
,"C:\\Users\\miche\\Desktop\\Kamuta Ltd\\Michel-s-Catering\\src\\pages\\NotFound.jsx": {"path":"C:\\Users\\miche\\Desktop\\Kamuta Ltd\\Michel-s-Catering\\src\\pages\\NotFound.jsx","statementMap":{"0":{"start":{"line":5,"column":17},"end":{"line":29,"column":null}},"1":{"start":{"line":6,"column":2},"end":{"line":27,"column":null}}},"fnMap":{"0":{"name":"(anonymous_0)","decl":{"start":{"line":5,"column":17},"end":{"line":5,"column":23}},"loc":{"start":{"line":5,"column":23},"end":{"line":29,"column":null}},"line":5}},"branchMap":{},"s":{"0":2,"1":27},"f":{"0":27},"b":{},"meta":{"lastBranch":0,"lastFunction":1,"lastStatement":2,"seen":{"s:5:17:29:Infinity":0,"f:5:17:5:23":0,"s:6:2:27:Infinity":1}}}
,"C:\\Users\\miche\\Desktop\\Kamuta Ltd\\Michel-s-Catering\\src\\pages\\ReviewsPage.jsx": {"path":"C:\\Users\\miche\\Desktop\\Kamuta Ltd\\Michel-s-Catering\\src\\pages\\ReviewsPage.jsx","statementMap":{"0":{"start":{"line":5,"column":20},"end":{"line":58,"column":null}},"1":{"start":{"line":6,"column":8},"end":{"line":6,"column":null}},"2":{"start":{"line":8,"column":2},"end":{"line":56,"column":null}},"3":{"start":{"line":13,"column":25},"end":{"line":13,"column":null}}},"fnMap":{"0":{"name":"(anonymous_0)","decl":{"start":{"line":5,"column":20},"end":{"line":5,"column":21}},"loc":{"start":{"line":5,"column":51},"end":{"line":58,"column":null}},"line":5},"1":{"name":"(anonymous_1)","decl":{"start":{"line":13,"column":19},"end":{"line":13,"column":25}},"loc":{"start":{"line":13,"column":25},"end":{"line":13,"column":null}},"line":13}},"branchMap":{"0":{"loc":{"start":{"line":51,"column":13},"end":{"line":51,"column":null}},"type":"cond-expr","locations":[{"start":{"line":51,"column":24},"end":{"line":51,"column":31}},{"start":{"line":51,"column":31},"end":{"line":51,"column":null}}],"line":51}},"s":{"0":2,"1":20,"2":20,"3":2},"f":{"0":20,"1":2},"b":{"0":[2,18]},"meta":{"lastBranch":1,"lastFunction":2,"lastStatement":4,"seen":{"s:5:20:58:Infinity":0,"f:5:20:5:21":0,"s:6:8:6:Infinity":1,"s:8:2:56:Infinity":2,"f:13:19:13:25":1,"s:13:25:13:Infinity":3,"b:51:24:51:31:51:31:51:Infinity":0}}}
}
